<?xml version="1.0" encoding="UTF-8"?>
<!-- Generated by org.testng.reporters.JUnitReportReporter -->
<testsuite hostname="Yazhini" failures="0" tests="1" name="Sample.DemoGit" time="0.009" errors="0" timestamp="2023-08-08T10:18:46 IST" skipped="0">
  <testcase classname="Sample.DemoGit" name="gitCommit" time="0.009"/>
  <system-out/>
</testsuite> <!-- Sample.DemoGit -->
